[1 - Suricata-Main] 2026-01-28 10:49:15 Notice: suricata: This is Suricata version 8.0.3 RELEASE running in SYSTEM mode
[1 - Suricata-Main] 2026-01-28 10:49:15 Info: cpu: CPUs/cores online: 20
[1 - Suricata-Main] 2026-01-28 10:49:15 Info: suricata: Setting engine mode to IDS mode by default
[1 - Suricata-Main] 2026-01-28 10:49:15 Info: app-layer-htp-mem: HTTP memcap: 67108864
[1 - Suricata-Main] 2026-01-28 10:49:15 Info: suricata: No 'host-mode': suricata is in IDS mode, using default setting 'sniffer-only'
[1 - Suricata-Main] 2026-01-28 10:49:15 Info: logopenfile: eve-log output device (regular) initialized: eve.json
[1 - Suricata-Main] 2026-01-28 10:49:15 Info: logopenfile: fast output device (regular) initialized: fast.log
[1 - Suricata-Main] 2026-01-28 10:49:15 Warning: detect: No rule files match the pattern /var/lib/suricata/rules/suricata.rules
[1 - Suricata-Main] 2026-01-28 10:49:15 Warning: detect: 1 rule files specified, but no rules were loaded!
[1 - Suricata-Main] 2026-01-28 10:49:15 Info: threshold-config: Threshold config parsed: 0 rule(s) found
[1 - Suricata-Main] 2026-01-28 10:49:15 Info: detect: 0 signatures processed. 0 are IP-only rules, 0 are inspecting packet payload, 0 inspect application layer, 0 are decoder event only
[1 - Suricata-Main] 2026-01-28 10:49:15 Warning: af-packet: eth0: tpacket v3 is only implemented for 'workers' runmode. Switching to tpacket v2.
[1 - Suricata-Main] 2026-01-28 10:49:15 Warning: af-packet: eth0: AF_PACKET tpacket-v3 is recommended for non-inline operation
[1 - Suricata-Main] 2026-01-28 10:49:15 Info: runmodes: Going to use 2 ReceiveAFP receive thread(s)
[1 - Suricata-Main] 2026-01-28 10:49:15 Notice: threads: Threads created -> RX: 2 W: 30 FM: 1 FR: 1   Engine started.
[1 - Suricata-Main] 2026-01-28 10:57:00 Notice: suricata: Signal Received.  Stopping engine.
[1 - Suricata-Main] 2026-01-28 10:57:00 Info: suricata: time elapsed 465.716s
[1 - Suricata-Main] 2026-01-28 10:57:01 Notice: suricata: This is Suricata version 8.0.3 RELEASE running in SYSTEM mode
[1 - Suricata-Main] 2026-01-28 10:57:01 Info: cpu: CPUs/cores online: 20
[1 - Suricata-Main] 2026-01-28 10:57:01 Info: suricata: Setting engine mode to IDS mode by default
[1 - Suricata-Main] 2026-01-28 10:57:01 Info: app-layer-htp-mem: HTTP memcap: 67108864
[1 - Suricata-Main] 2026-01-28 10:57:01 Info: suricata: No 'host-mode': suricata is in IDS mode, using default setting 'sniffer-only'
[1 - Suricata-Main] 2026-01-28 10:57:01 Info: logopenfile: eve-log output device (regular) initialized: eve.json
[1 - Suricata-Main] 2026-01-28 10:57:01 Info: logopenfile: fast output device (regular) initialized: fast.log
[1 - Suricata-Main] 2026-01-28 10:57:01 Warning: detect: No rule files match the pattern /var/lib/suricata/rules/suricata.rules
[1 - Suricata-Main] 2026-01-28 10:57:01 Warning: detect: 1 rule files specified, but no rules were loaded!
[1 - Suricata-Main] 2026-01-28 10:57:01 Info: threshold-config: Threshold config parsed: 0 rule(s) found
[1 - Suricata-Main] 2026-01-28 10:57:01 Info: detect: 0 signatures processed. 0 are IP-only rules, 0 are inspecting packet payload, 0 inspect application layer, 0 are decoder event only
[1 - Suricata-Main] 2026-01-28 10:57:01 Warning: af-packet: eth0: tpacket v3 is only implemented for 'workers' runmode. Switching to tpacket v2.
[1 - Suricata-Main] 2026-01-28 10:57:01 Warning: af-packet: eth0: AF_PACKET tpacket-v3 is recommended for non-inline operation
[1 - Suricata-Main] 2026-01-28 10:57:01 Info: runmodes: Going to use 2 ReceiveAFP receive thread(s)
[1 - Suricata-Main] 2026-01-28 10:57:01 Notice: threads: Threads created -> RX: 2 W: 30 FM: 1 FR: 1   Engine started.
[1 - Suricata-Main] 2026-01-28 11:02:28 Notice: suricata: Signal Received.  Stopping engine.
[1 - Suricata-Main] 2026-01-28 11:02:29 Info: suricata: time elapsed 327.398s
[1 - Suricata-Main] 2026-01-28 11:02:35 Notice: suricata: This is Suricata version 8.0.3 RELEASE running in SYSTEM mode
[1 - Suricata-Main] 2026-01-28 11:02:35 Info: cpu: CPUs/cores online: 20
[1 - Suricata-Main] 2026-01-28 11:02:35 Info: suricata: Setting engine mode to IDS mode by default
[1 - Suricata-Main] 2026-01-28 11:02:35 Info: app-layer-htp-mem: HTTP memcap: 67108864
[1 - Suricata-Main] 2026-01-28 11:02:35 Info: suricata: No 'host-mode': suricata is in IDS mode, using default setting 'sniffer-only'
[1 - Suricata-Main] 2026-01-28 11:02:35 Info: logopenfile: eve-log output device (regular) initialized: eve.json
[1 - Suricata-Main] 2026-01-28 11:02:35 Info: logopenfile: fast output device (regular) initialized: fast.log
[1 - Suricata-Main] 2026-01-28 11:02:35 Warning: detect: No rule files match the pattern /var/lib/suricata/rules/suricata.rules
[1 - Suricata-Main] 2026-01-28 11:02:35 Warning: detect: 1 rule files specified, but no rules were loaded!
[1 - Suricata-Main] 2026-01-28 11:02:35 Info: threshold-config: Threshold config parsed: 0 rule(s) found
[1 - Suricata-Main] 2026-01-28 11:02:35 Info: detect: 0 signatures processed. 0 are IP-only rules, 0 are inspecting packet payload, 0 inspect application layer, 0 are decoder event only
[1 - Suricata-Main] 2026-01-28 11:02:35 Warning: af-packet: eth0: tpacket v3 is only implemented for 'workers' runmode. Switching to tpacket v2.
[1 - Suricata-Main] 2026-01-28 11:02:35 Warning: af-packet: eth0: AF_PACKET tpacket-v3 is recommended for non-inline operation
[1 - Suricata-Main] 2026-01-28 11:02:35 Info: runmodes: Going to use 2 ReceiveAFP receive thread(s)
[1 - Suricata-Main] 2026-01-28 11:02:35 Notice: threads: Threads created -> RX: 2 W: 30 FM: 1 FR: 1   Engine started.
[1 - Suricata-Main] 2026-01-28 11:04:45 Notice: suricata: Signal Received.  Stopping engine.
[1 - Suricata-Main] 2026-01-28 11:04:46 Info: suricata: time elapsed 131.004s
[1 - Suricata-Main] 2026-01-28 11:04:47 Notice: suricata: This is Suricata version 8.0.3 RELEASE running in SYSTEM mode
[1 - Suricata-Main] 2026-01-28 11:04:47 Info: cpu: CPUs/cores online: 20
[1 - Suricata-Main] 2026-01-28 11:04:47 Info: suricata: Setting engine mode to IDS mode by default
[1 - Suricata-Main] 2026-01-28 11:04:47 Info: app-layer-htp-mem: HTTP memcap: 67108864
[1 - Suricata-Main] 2026-01-28 11:04:47 Info: suricata: No 'host-mode': suricata is in IDS mode, using default setting 'sniffer-only'
[1 - Suricata-Main] 2026-01-28 11:04:47 Info: logopenfile: eve-log output device (regular) initialized: eve.json
[1 - Suricata-Main] 2026-01-28 11:04:47 Info: logopenfile: fast output device (regular) initialized: fast.log
[1 - Suricata-Main] 2026-01-28 11:04:47 Warning: detect: No rule files match the pattern /var/lib/suricata/rules/suricata.rules
[1 - Suricata-Main] 2026-01-28 11:04:47 Warning: detect: 1 rule files specified, but no rules were loaded!
[1 - Suricata-Main] 2026-01-28 11:04:47 Info: threshold-config: Threshold config parsed: 0 rule(s) found
[1 - Suricata-Main] 2026-01-28 11:04:47 Info: detect: 0 signatures processed. 0 are IP-only rules, 0 are inspecting packet payload, 0 inspect application layer, 0 are decoder event only
[1 - Suricata-Main] 2026-01-28 11:04:47 Warning: af-packet: eth0: tpacket v3 is only implemented for 'workers' runmode. Switching to tpacket v2.
[1 - Suricata-Main] 2026-01-28 11:04:47 Warning: af-packet: eth0: AF_PACKET tpacket-v3 is recommended for non-inline operation
[1 - Suricata-Main] 2026-01-28 11:04:47 Info: runmodes: Going to use 2 ReceiveAFP receive thread(s)
[1 - Suricata-Main] 2026-01-28 11:04:47 Notice: threads: Threads created -> RX: 2 W: 30 FM: 1 FR: 1   Engine started.
[1 - Suricata-Main] 2026-01-28 11:09:19 Notice: suricata: Signal Received.  Stopping engine.
[1 - Suricata-Main] 2026-01-28 11:09:20 Info: suricata: time elapsed 273.112s
[1 - Suricata-Main] 2026-01-28 11:09:22 Notice: suricata: This is Suricata version 8.0.3 RELEASE running in SYSTEM mode
[1 - Suricata-Main] 2026-01-28 11:09:22 Info: cpu: CPUs/cores online: 20
[1 - Suricata-Main] 2026-01-28 11:09:22 Info: suricata: Setting engine mode to IDS mode by default
[1 - Suricata-Main] 2026-01-28 11:09:22 Info: app-layer-htp-mem: HTTP memcap: 67108864
[1 - Suricata-Main] 2026-01-28 11:09:22 Info: suricata: No 'host-mode': suricata is in IDS mode, using default setting 'sniffer-only'
[1 - Suricata-Main] 2026-01-28 11:09:22 Info: logopenfile: eve-log output device (regular) initialized: eve.json
[1 - Suricata-Main] 2026-01-28 11:09:22 Info: logopenfile: fast output device (regular) initialized: fast.log
[1 - Suricata-Main] 2026-01-28 11:09:22 Warning: detect: No rule files match the pattern /var/lib/suricata/rules/suricata.rules
[1 - Suricata-Main] 2026-01-28 11:09:22 Warning: detect: 1 rule files specified, but no rules were loaded!
[1 - Suricata-Main] 2026-01-28 11:09:22 Info: threshold-config: Threshold config parsed: 0 rule(s) found
[1 - Suricata-Main] 2026-01-28 11:09:22 Info: detect: 0 signatures processed. 0 are IP-only rules, 0 are inspecting packet payload, 0 inspect application layer, 0 are decoder event only
[1 - Suricata-Main] 2026-01-28 11:09:22 Warning: af-packet: eth0: tpacket v3 is only implemented for 'workers' runmode. Switching to tpacket v2.
[1 - Suricata-Main] 2026-01-28 11:09:22 Warning: af-packet: eth0: AF_PACKET tpacket-v3 is recommended for non-inline operation
[1 - Suricata-Main] 2026-01-28 11:09:22 Info: runmodes: Going to use 2 ReceiveAFP receive thread(s)
[1 - Suricata-Main] 2026-01-28 11:09:22 Notice: threads: Threads created -> RX: 2 W: 30 FM: 1 FR: 1   Engine started.
[1 - Suricata-Main] 2026-01-28 12:14:06 Notice: suricata: Signal Received.  Stopping engine.
[1 - Suricata-Main] 2026-01-28 12:14:07 Info: suricata: time elapsed 3885.472s
[1 - Suricata-Main] 2026-01-28 12:14:09 Notice: suricata: This is Suricata version 8.0.3 RELEASE running in SYSTEM mode
[1 - Suricata-Main] 2026-01-28 12:14:09 Info: cpu: CPUs/cores online: 20
[1 - Suricata-Main] 2026-01-28 12:14:09 Info: suricata: Setting engine mode to IDS mode by default
[1 - Suricata-Main] 2026-01-28 12:14:09 Info: app-layer-htp-mem: HTTP memcap: 67108864
[1 - Suricata-Main] 2026-01-28 12:14:09 Info: suricata: No 'host-mode': suricata is in IDS mode, using default setting 'sniffer-only'
[1 - Suricata-Main] 2026-01-28 12:14:09 Info: logopenfile: eve-log output device (regular) initialized: eve.json
[1 - Suricata-Main] 2026-01-28 12:14:09 Info: logopenfile: fast output device (regular) initialized: fast.log
[1 - Suricata-Main] 2026-01-28 12:14:09 Warning: detect: No rule files match the pattern /var/lib/suricata/rules/suricata.rules
[1 - Suricata-Main] 2026-01-28 12:14:09 Warning: detect: 1 rule files specified, but no rules were loaded!
[1 - Suricata-Main] 2026-01-28 12:14:09 Info: threshold-config: Threshold config parsed: 0 rule(s) found
[1 - Suricata-Main] 2026-01-28 12:14:09 Info: detect: 0 signatures processed. 0 are IP-only rules, 0 are inspecting packet payload, 0 inspect application layer, 0 are decoder event only
[1 - Suricata-Main] 2026-01-28 12:14:09 Warning: af-packet: eth0: tpacket v3 is only implemented for 'workers' runmode. Switching to tpacket v2.
[1 - Suricata-Main] 2026-01-28 12:14:09 Warning: af-packet: eth0: AF_PACKET tpacket-v3 is recommended for non-inline operation
[1 - Suricata-Main] 2026-01-28 12:14:09 Info: runmodes: Going to use 2 ReceiveAFP receive thread(s)
[1 - Suricata-Main] 2026-01-28 12:14:09 Notice: threads: Threads created -> RX: 2 W: 30 FM: 1 FR: 1   Engine started.
[1 - Suricata-Main] 2026-01-28 12:47:50 Notice: suricata: Signal Received.  Stopping engine.
[1 - Suricata-Main] 2026-01-28 12:47:51 Info: suricata: time elapsed 2022.175s
[1 - Suricata-Main] 2026-01-28 12:48:05 Notice: suricata: This is Suricata version 8.0.3 RELEASE running in SYSTEM mode
[1 - Suricata-Main] 2026-01-28 12:48:05 Info: cpu: CPUs/cores online: 20
[1 - Suricata-Main] 2026-01-28 12:48:05 Info: suricata: Setting engine mode to IDS mode by default
[1 - Suricata-Main] 2026-01-28 12:48:05 Info: app-layer-htp-mem: HTTP memcap: 67108864
[1 - Suricata-Main] 2026-01-28 12:48:05 Info: suricata: No 'host-mode': suricata is in IDS mode, using default setting 'sniffer-only'
[1 - Suricata-Main] 2026-01-28 12:48:05 Info: logopenfile: eve-log output device (regular) initialized: eve.json
[1 - Suricata-Main] 2026-01-28 12:48:05 Info: logopenfile: fast output device (regular) initialized: fast.log
[1 - Suricata-Main] 2026-01-28 12:48:05 Warning: detect: No rule files match the pattern /var/lib/suricata/rules/suricata.rules
[1 - Suricata-Main] 2026-01-28 12:48:05 Warning: detect: 1 rule files specified, but no rules were loaded!
[1 - Suricata-Main] 2026-01-28 12:48:05 Info: threshold-config: Threshold config parsed: 0 rule(s) found
[1 - Suricata-Main] 2026-01-28 12:48:05 Info: detect: 0 signatures processed. 0 are IP-only rules, 0 are inspecting packet payload, 0 inspect application layer, 0 are decoder event only
[1 - Suricata-Main] 2026-01-28 12:48:05 Warning: af-packet: eth0: tpacket v3 is only implemented for 'workers' runmode. Switching to tpacket v2.
[1 - Suricata-Main] 2026-01-28 12:48:06 Warning: af-packet: eth0: AF_PACKET tpacket-v3 is recommended for non-inline operation
[1 - Suricata-Main] 2026-01-28 12:48:06 Info: runmodes: Going to use 2 ReceiveAFP receive thread(s)
[1 - Suricata-Main] 2026-01-28 12:48:06 Notice: threads: Threads created -> RX: 2 W: 30 FM: 1 FR: 1   Engine started.
[1 - Suricata-Main] 2026-01-28 12:52:33 Notice: suricata: Signal Received.  Stopping engine.
[1 - Suricata-Main] 2026-01-28 12:52:34 Info: suricata: time elapsed 268.369s
[1 - Suricata-Main] 2026-01-28 12:52:36 Notice: suricata: This is Suricata version 8.0.3 RELEASE running in SYSTEM mode
[1 - Suricata-Main] 2026-01-28 12:52:36 Info: cpu: CPUs/cores online: 20
[1 - Suricata-Main] 2026-01-28 12:52:36 Info: suricata: Setting engine mode to IDS mode by default
[1 - Suricata-Main] 2026-01-28 12:52:36 Info: app-layer-htp-mem: HTTP memcap: 67108864
[1 - Suricata-Main] 2026-01-28 12:52:36 Info: suricata: No 'host-mode': suricata is in IDS mode, using default setting 'sniffer-only'
[1 - Suricata-Main] 2026-01-28 12:52:36 Info: logopenfile: eve-log output device (regular) initialized: eve.json
[1 - Suricata-Main] 2026-01-28 12:52:36 Info: logopenfile: fast output device (regular) initialized: fast.log
[1 - Suricata-Main] 2026-01-28 12:52:36 Warning: detect: No rule files match the pattern /var/lib/suricata/rules/suricata.rules
[1 - Suricata-Main] 2026-01-28 12:52:36 Warning: detect: 1 rule files specified, but no rules were loaded!
[1 - Suricata-Main] 2026-01-28 12:52:36 Info: threshold-config: Threshold config parsed: 0 rule(s) found
[1 - Suricata-Main] 2026-01-28 12:52:36 Info: detect: 0 signatures processed. 0 are IP-only rules, 0 are inspecting packet payload, 0 inspect application layer, 0 are decoder event only
[1 - Suricata-Main] 2026-01-28 12:52:36 Warning: af-packet: eth0: tpacket v3 is only implemented for 'workers' runmode. Switching to tpacket v2.
[1 - Suricata-Main] 2026-01-28 12:52:36 Warning: af-packet: eth0: AF_PACKET tpacket-v3 is recommended for non-inline operation
[1 - Suricata-Main] 2026-01-28 12:52:36 Info: runmodes: Going to use 2 ReceiveAFP receive thread(s)
[1 - Suricata-Main] 2026-01-28 12:52:36 Notice: threads: Threads created -> RX: 2 W: 30 FM: 1 FR: 1   Engine started.
