[1 - Suricata-Main] 2026-01-29 14:54:14 Notice: suricata: This is Suricata version 8.0.3 RELEASE running in SYSTEM mode
[1 - Suricata-Main] 2026-01-29 14:54:14 Info: cpu: CPUs/cores online: 16
[1 - Suricata-Main] 2026-01-29 14:54:14 Info: suricata: Setting engine mode to IDS mode by default
[1 - Suricata-Main] 2026-01-29 14:54:14 Info: app-layer-htp-mem: HTTP memcap: 67108864
[1 - Suricata-Main] 2026-01-29 14:54:14 Info: suricata: No 'host-mode': suricata is in IDS mode, using default setting 'sniffer-only'
[1 - Suricata-Main] 2026-01-29 14:54:14 Info: logopenfile: eve-log output device (regular) initialized: eve.json
[1 - Suricata-Main] 2026-01-29 14:54:14 Info: logopenfile: fast output device (regular) initialized: fast.log
[1 - Suricata-Main] 2026-01-29 14:54:14 Warning: detect: No rule files match the pattern /var/lib/suricata/rules/suricata.rules
[1 - Suricata-Main] 2026-01-29 14:54:14 Warning: detect: 1 rule files specified, but no rules were loaded!
[1 - Suricata-Main] 2026-01-29 14:54:14 Info: threshold-config: Threshold config parsed: 0 rule(s) found
[1 - Suricata-Main] 2026-01-29 14:54:14 Info: detect: 0 signatures processed. 0 are IP-only rules, 0 are inspecting packet payload, 0 inspect application layer, 0 are decoder event only
[1 - Suricata-Main] 2026-01-29 14:54:14 Warning: af-packet: eth0: tpacket v3 is only implemented for 'workers' runmode. Switching to tpacket v2.
[1 - Suricata-Main] 2026-01-29 14:54:15 Warning: af-packet: eth0: AF_PACKET tpacket-v3 is recommended for non-inline operation
[1 - Suricata-Main] 2026-01-29 14:54:15 Info: runmodes: Going to use 2 ReceiveAFP receive thread(s)
[1 - Suricata-Main] 2026-01-29 14:54:15 Notice: threads: Threads created -> RX: 2 W: 24 FM: 1 FR: 1   Engine started.
[1 - Suricata-Main] 2026-01-29 14:57:09 Notice: suricata: Signal Received.  Stopping engine.
[1 - Suricata-Main] 2026-01-29 14:57:10 Info: suricata: time elapsed 175.252s
[1 - Suricata-Main] 2026-01-29 14:57:18 Notice: suricata: This is Suricata version 8.0.3 RELEASE running in SYSTEM mode
[1 - Suricata-Main] 2026-01-29 14:57:18 Info: cpu: CPUs/cores online: 16
[1 - Suricata-Main] 2026-01-29 14:57:18 Info: suricata: Setting engine mode to IDS mode by default
[1 - Suricata-Main] 2026-01-29 14:57:18 Info: app-layer-htp-mem: HTTP memcap: 67108864
[1 - Suricata-Main] 2026-01-29 14:57:18 Info: suricata: No 'host-mode': suricata is in IDS mode, using default setting 'sniffer-only'
[1 - Suricata-Main] 2026-01-29 14:57:18 Info: logopenfile: eve-log output device (regular) initialized: eve.json
[1 - Suricata-Main] 2026-01-29 14:57:18 Info: logopenfile: fast output device (regular) initialized: fast.log
[1 - Suricata-Main] 2026-01-29 14:57:18 Warning: detect: No rule files match the pattern /var/lib/suricata/rules/suricata.rules
[1 - Suricata-Main] 2026-01-29 14:57:18 Warning: detect: 1 rule files specified, but no rules were loaded!
[1 - Suricata-Main] 2026-01-29 14:57:18 Info: threshold-config: Threshold config parsed: 0 rule(s) found
[1 - Suricata-Main] 2026-01-29 14:57:18 Info: detect: 0 signatures processed. 0 are IP-only rules, 0 are inspecting packet payload, 0 inspect application layer, 0 are decoder event only
[1 - Suricata-Main] 2026-01-29 14:57:18 Warning: af-packet: eth0: tpacket v3 is only implemented for 'workers' runmode. Switching to tpacket v2.
[1 - Suricata-Main] 2026-01-29 14:57:18 Warning: af-packet: eth0: AF_PACKET tpacket-v3 is recommended for non-inline operation
[1 - Suricata-Main] 2026-01-29 14:57:18 Info: runmodes: Going to use 2 ReceiveAFP receive thread(s)
[1 - Suricata-Main] 2026-01-29 14:57:18 Notice: threads: Threads created -> RX: 2 W: 24 FM: 1 FR: 1   Engine started.
[1 - Suricata-Main] 2026-01-29 14:59:25 Notice: suricata: Signal Received.  Stopping engine.
[1 - Suricata-Main] 2026-01-29 14:59:26 Info: suricata: time elapsed 127.523s
[1 - Suricata-Main] 2026-01-29 15:04:57 Notice: suricata: This is Suricata version 8.0.3 RELEASE running in SYSTEM mode
[1 - Suricata-Main] 2026-01-29 15:04:57 Info: cpu: CPUs/cores online: 16
[1 - Suricata-Main] 2026-01-29 15:04:57 Info: suricata: Setting engine mode to IDS mode by default
[1 - Suricata-Main] 2026-01-29 15:04:57 Info: app-layer-htp-mem: HTTP memcap: 67108864
[1 - Suricata-Main] 2026-01-29 15:04:57 Info: suricata: No 'host-mode': suricata is in IDS mode, using default setting 'sniffer-only'
[1 - Suricata-Main] 2026-01-29 15:04:57 Info: logopenfile: eve-log output device (regular) initialized: eve.json
[1 - Suricata-Main] 2026-01-29 15:04:57 Info: logopenfile: fast output device (regular) initialized: fast.log
[1 - Suricata-Main] 2026-01-29 15:04:57 Warning: detect: No rule files match the pattern /var/lib/suricata/rules/suricata.rules
[1 - Suricata-Main] 2026-01-29 15:04:57 Warning: detect: 1 rule files specified, but no rules were loaded!
[1 - Suricata-Main] 2026-01-29 15:04:57 Info: threshold-config: Threshold config parsed: 0 rule(s) found
[1 - Suricata-Main] 2026-01-29 15:04:57 Info: detect: 0 signatures processed. 0 are IP-only rules, 0 are inspecting packet payload, 0 inspect application layer, 0 are decoder event only
[1 - Suricata-Main] 2026-01-29 15:04:57 Warning: af-packet: eth0: tpacket v3 is only implemented for 'workers' runmode. Switching to tpacket v2.
[1 - Suricata-Main] 2026-01-29 15:04:57 Warning: af-packet: eth0: AF_PACKET tpacket-v3 is recommended for non-inline operation
[1 - Suricata-Main] 2026-01-29 15:04:57 Info: runmodes: Going to use 2 ReceiveAFP receive thread(s)
[1 - Suricata-Main] 2026-01-29 15:04:57 Notice: threads: Threads created -> RX: 2 W: 24 FM: 1 FR: 1   Engine started.
[1 - Suricata-Main] 2026-01-29 15:06:01 Notice: suricata: Signal Received.  Stopping engine.
[1 - Suricata-Main] 2026-01-29 15:06:02 Info: suricata: time elapsed 64.854s
[1 - Suricata-Main] 2026-01-29 15:08:20 Notice: suricata: This is Suricata version 8.0.3 RELEASE running in SYSTEM mode
[1 - Suricata-Main] 2026-01-29 15:08:20 Info: cpu: CPUs/cores online: 16
[1 - Suricata-Main] 2026-01-29 15:08:20 Info: suricata: Setting engine mode to IDS mode by default
[1 - Suricata-Main] 2026-01-29 15:08:20 Info: app-layer-htp-mem: HTTP memcap: 67108864
[1 - Suricata-Main] 2026-01-29 15:08:20 Info: suricata: No 'host-mode': suricata is in IDS mode, using default setting 'sniffer-only'
[1 - Suricata-Main] 2026-01-29 15:08:20 Info: logopenfile: eve-log output device (regular) initialized: eve.json
[1 - Suricata-Main] 2026-01-29 15:08:20 Info: logopenfile: fast output device (regular) initialized: fast.log
[1 - Suricata-Main] 2026-01-29 15:08:20 Warning: detect: No rule files match the pattern /var/lib/suricata/rules/suricata.rules
[1 - Suricata-Main] 2026-01-29 15:08:20 Warning: detect: 1 rule files specified, but no rules were loaded!
[1 - Suricata-Main] 2026-01-29 15:08:20 Info: threshold-config: Threshold config parsed: 0 rule(s) found
[1 - Suricata-Main] 2026-01-29 15:08:20 Info: detect: 0 signatures processed. 0 are IP-only rules, 0 are inspecting packet payload, 0 inspect application layer, 0 are decoder event only
[1 - Suricata-Main] 2026-01-29 15:08:20 Warning: af-packet: eth0: tpacket v3 is only implemented for 'workers' runmode. Switching to tpacket v2.
[1 - Suricata-Main] 2026-01-29 15:08:20 Warning: af-packet: eth0: AF_PACKET tpacket-v3 is recommended for non-inline operation
[1 - Suricata-Main] 2026-01-29 15:08:20 Info: runmodes: Going to use 2 ReceiveAFP receive thread(s)
[1 - Suricata-Main] 2026-01-29 15:08:20 Notice: threads: Threads created -> RX: 2 W: 24 FM: 1 FR: 1   Engine started.
[1 - Suricata-Main] 2026-01-29 15:10:55 Notice: suricata: Signal Received.  Stopping engine.
[1 - Suricata-Main] 2026-01-29 15:10:55 Info: suricata: time elapsed 155.369s
[1 - Suricata-Main] 2026-01-29 15:11:20 Notice: suricata: This is Suricata version 8.0.3 RELEASE running in SYSTEM mode
[1 - Suricata-Main] 2026-01-29 15:11:20 Info: cpu: CPUs/cores online: 16
[1 - Suricata-Main] 2026-01-29 15:11:20 Info: suricata: Setting engine mode to IDS mode by default
[1 - Suricata-Main] 2026-01-29 15:11:20 Info: app-layer-htp-mem: HTTP memcap: 67108864
[1 - Suricata-Main] 2026-01-29 15:11:20 Info: suricata: No 'host-mode': suricata is in IDS mode, using default setting 'sniffer-only'
[1 - Suricata-Main] 2026-01-29 15:11:20 Info: logopenfile: eve-log output device (regular) initialized: eve.json
[1 - Suricata-Main] 2026-01-29 15:11:20 Info: logopenfile: fast output device (regular) initialized: fast.log
[1 - Suricata-Main] 2026-01-29 15:11:20 Warning: detect: No rule files match the pattern /var/lib/suricata/rules/suricata.rules
[1 - Suricata-Main] 2026-01-29 15:11:20 Warning: detect: 1 rule files specified, but no rules were loaded!
[1 - Suricata-Main] 2026-01-29 15:11:20 Info: threshold-config: Threshold config parsed: 0 rule(s) found
[1 - Suricata-Main] 2026-01-29 15:11:20 Info: detect: 0 signatures processed. 0 are IP-only rules, 0 are inspecting packet payload, 0 inspect application layer, 0 are decoder event only
[1 - Suricata-Main] 2026-01-29 15:11:20 Warning: af-packet: eth0: tpacket v3 is only implemented for 'workers' runmode. Switching to tpacket v2.
[1 - Suricata-Main] 2026-01-29 15:11:20 Warning: af-packet: eth0: AF_PACKET tpacket-v3 is recommended for non-inline operation
[1 - Suricata-Main] 2026-01-29 15:11:20 Info: runmodes: Going to use 2 ReceiveAFP receive thread(s)
[1 - Suricata-Main] 2026-01-29 15:11:20 Notice: threads: Threads created -> RX: 2 W: 24 FM: 1 FR: 1   Engine started.
[1 - Suricata-Main] 2026-01-29 15:12:55 Notice: suricata: Signal Received.  Stopping engine.
[1 - Suricata-Main] 2026-01-29 15:12:55 Info: suricata: time elapsed 94.767s
[1 - Suricata-Main] 2026-01-29 15:16:12 Notice: suricata: This is Suricata version 8.0.3 RELEASE running in SYSTEM mode
[1 - Suricata-Main] 2026-01-29 15:16:12 Info: cpu: CPUs/cores online: 16
[1 - Suricata-Main] 2026-01-29 15:16:12 Info: suricata: Setting engine mode to IDS mode by default
[1 - Suricata-Main] 2026-01-29 15:16:12 Info: app-layer-htp-mem: HTTP memcap: 67108864
[1 - Suricata-Main] 2026-01-29 15:16:12 Info: suricata: No 'host-mode': suricata is in IDS mode, using default setting 'sniffer-only'
[1 - Suricata-Main] 2026-01-29 15:16:12 Info: logopenfile: eve-log output device (regular) initialized: eve.json
[1 - Suricata-Main] 2026-01-29 15:16:12 Info: logopenfile: fast output device (regular) initialized: fast.log
[1 - Suricata-Main] 2026-01-29 15:16:12 Warning: detect: No rule files match the pattern /var/lib/suricata/rules/suricata.rules
[1 - Suricata-Main] 2026-01-29 15:16:12 Warning: detect: 1 rule files specified, but no rules were loaded!
[1 - Suricata-Main] 2026-01-29 15:16:12 Info: threshold-config: Threshold config parsed: 0 rule(s) found
[1 - Suricata-Main] 2026-01-29 15:16:12 Info: detect: 0 signatures processed. 0 are IP-only rules, 0 are inspecting packet payload, 0 inspect application layer, 0 are decoder event only
[1 - Suricata-Main] 2026-01-29 15:16:12 Warning: af-packet: eth0: tpacket v3 is only implemented for 'workers' runmode. Switching to tpacket v2.
[1 - Suricata-Main] 2026-01-29 15:16:12 Warning: af-packet: eth0: AF_PACKET tpacket-v3 is recommended for non-inline operation
[1 - Suricata-Main] 2026-01-29 15:16:12 Info: runmodes: Going to use 2 ReceiveAFP receive thread(s)
[1 - Suricata-Main] 2026-01-29 15:16:13 Notice: threads: Threads created -> RX: 2 W: 24 FM: 1 FR: 1   Engine started.
[1 - Suricata-Main] 2026-01-29 15:23:09 Notice: suricata: Signal Received.  Stopping engine.
[1 - Suricata-Main] 2026-01-29 15:23:09 Info: suricata: time elapsed 416.957s
